03/23/2022 01:20:21 PM:INFO: Browser Launched
03/23/2022 01:20:55 PM:INFO: Link was hit
03/23/2022 01:20:55 PM:INFO: Entered Login id
03/23/2022 01:20:58 PM:INFO: Entered password id
03/23/2022 01:21:00 PM:INFO: Clicked the login button
03/23/2022 01:21:01 PM:INFO: Launch lims - Clicked the pin icon
03/23/2022 01:21:01 PM:ERROR: Launch lims - Unable to Click the pin icon
03/23/2022 01:21:04 PM:INFO: clicked the Master icon
03/23/2022 01:21:08 PM:INFO: clicked the Base Master icon
03/23/2022 01:21:12 PM:INFO: clicked the unit icon
03/23/2022 01:21:14 PM:INFO: Clicked the Unit add button
03/23/2022 01:21:16 PM:INFO: Entered the unit name
03/23/2022 01:21:18 PM:INFO: Entered the unit description
03/23/2022 01:21:20 PM:INFO: Clicked the add submit button
03/23/2022 01:21:31 PM:INFO: Entered Login id
03/23/2022 01:21:33 PM:INFO: Entered password id
03/23/2022 01:21:36 PM:INFO: Clicked the login button
03/23/2022 01:21:38 PM:INFO: Refresh Login-->, clicked pin icon
03/23/2022 01:21:38 PM:INFO: clicked the Master icon
03/23/2022 01:21:42 PM:INFO: clicked the Base Master icon
03/23/2022 01:21:46 PM:INFO: clicked the unit icon
03/23/2022 01:21:56 PM:INFO: Entered Login id
03/23/2022 01:21:59 PM:INFO: Entered password id
03/23/2022 01:22:01 PM:INFO: Clicked the login button
03/23/2022 01:22:02 PM:INFO: Refresh Login-->, clicked pin icon
03/23/2022 01:22:02 PM:INFO: clicked the Master icon
03/23/2022 01:22:06 PM:INFO: clicked the Base Master icon
03/23/2022 01:22:11 PM:INFO: clicked the unit icon
03/23/2022 01:22:13 PM:INFO: Entered Login id
03/23/2022 01:22:15 PM:INFO: Entered password id
03/23/2022 01:22:17 PM:INFO: Clicked the login button
03/23/2022 01:22:19 PM:INFO: Refresh Login-->, clicked pin icon
03/23/2022 01:22:22 PM:INFO: clicked the Master icon
03/23/2022 01:22:26 PM:INFO: clicked the Base Master icon
03/23/2022 01:22:30 PM:INFO: clicked the unit icon
03/23/2022 01:22:32 PM:INFO: Clicked the Download Excel button
03/23/2022 01:22:34 PM:INFO: Entered Login id
03/23/2022 01:22:36 PM:INFO: Entered password id
03/23/2022 01:22:38 PM:INFO: Clicked the login button
03/23/2022 01:22:40 PM:INFO: Refresh Login-->, clicked pin icon
03/23/2022 01:22:43 PM:INFO: clicked the Master icon
03/23/2022 01:22:47 PM:INFO: clicked the Base Master icon
03/23/2022 01:22:51 PM:INFO: clicked the unit icon
03/23/2022 01:22:53 PM:INFO: Clicked the Download PDF button
03/23/2022 01:22:59 PM:INFO: Clicked the basemaster icon
03/23/2022 01:33:05 PM:INFO: Browser Launched
03/23/2022 01:33:21 PM:INFO: Link was hit
03/23/2022 01:33:21 PM:INFO: Entered Login id
03/23/2022 01:33:23 PM:INFO: Entered password id
03/23/2022 01:33:25 PM:INFO: Clicked the login button
03/23/2022 01:33:26 PM:INFO: Launch lims - Clicked the pin icon
03/23/2022 01:33:26 PM:ERROR: Launch lims - Unable to Click the pin icon
03/23/2022 01:33:28 PM:INFO: clicked the Master icon
03/23/2022 01:33:33 PM:INFO: clicked the Base Master icon
03/23/2022 01:33:37 PM:INFO: clicked the unit icon
03/23/2022 01:33:39 PM:INFO: Clicked the Unit add button
03/23/2022 01:33:41 PM:INFO: Entered the unit name
03/23/2022 01:33:43 PM:INFO: Entered the unit description
03/23/2022 01:33:45 PM:INFO: Clicked the add submit button
03/23/2022 01:33:56 PM:INFO: Entered Login id
03/23/2022 01:33:58 PM:INFO: Entered password id
03/23/2022 01:34:00 PM:INFO: Clicked the login button
03/23/2022 01:34:02 PM:INFO: Refresh Login-->, clicked pin icon
03/23/2022 01:34:02 PM:INFO: clicked the Master icon
03/23/2022 01:34:06 PM:INFO: clicked the Base Master icon
03/23/2022 01:34:11 PM:INFO: clicked the unit icon
03/23/2022 01:34:21 PM:INFO: Entered Login id
03/23/2022 01:34:23 PM:INFO: Entered password id
03/23/2022 01:34:26 PM:INFO: Clicked the login button
03/23/2022 01:34:28 PM:INFO: Refresh Login-->, clicked pin icon
03/23/2022 01:34:28 PM:INFO: clicked the Master icon
03/23/2022 01:34:32 PM:INFO: clicked the Base Master icon
03/23/2022 01:34:36 PM:INFO: clicked the unit icon
03/23/2022 01:34:38 PM:INFO: Entered Login id
03/23/2022 01:34:40 PM:INFO: Entered password id
03/23/2022 01:34:43 PM:INFO: Clicked the login button
03/23/2022 01:34:45 PM:INFO: Refresh Login-->, clicked pin icon
03/23/2022 01:34:47 PM:INFO: clicked the Master icon
03/23/2022 01:34:51 PM:INFO: clicked the Base Master icon
03/23/2022 01:34:55 PM:INFO: clicked the unit icon
03/23/2022 01:34:57 PM:INFO: Clicked the Download Excel button
03/23/2022 01:34:59 PM:INFO: Entered Login id
03/23/2022 01:35:01 PM:INFO: Entered password id
03/23/2022 01:35:04 PM:INFO: Clicked the login button
03/23/2022 01:35:05 PM:INFO: Refresh Login-->, clicked pin icon
03/23/2022 01:35:08 PM:INFO: clicked the Master icon
03/23/2022 01:35:12 PM:INFO: clicked the Base Master icon
03/23/2022 01:35:16 PM:INFO: clicked the unit icon
03/23/2022 01:35:18 PM:INFO: Clicked the Download PDF button
03/23/2022 01:35:25 PM:INFO: Clicked the basemaster icon
03/23/2022 08:17:46 PM:INFO: Browser Launched
03/23/2022 08:17:59 PM:INFO: Link was hit
03/23/2022 08:17:59 PM:INFO: Entered Login id
03/23/2022 08:18:01 PM:INFO: Entered password id
03/23/2022 08:18:03 PM:INFO: Clicked the login button
03/23/2022 08:18:05 PM:INFO: Launch lims - Clicked the pin icon
03/23/2022 08:18:05 PM:ERROR: Launch lims - Unable to Click the pin icon
03/23/2022 08:18:05 PM:INFO: clicked the Master icon
03/23/2022 08:18:10 PM:INFO: clicked the Base Master icon
03/23/2022 08:18:14 PM:INFO: clicked the unit icon
03/23/2022 08:20:09 PM:INFO: Browser Launched
03/23/2022 08:20:19 PM:INFO: Link was hit
03/23/2022 08:20:19 PM:INFO: Entered Login id
03/23/2022 08:20:22 PM:INFO: Entered password id
03/23/2022 08:20:24 PM:INFO: Clicked the login button
03/23/2022 08:20:26 PM:INFO: Launch lims - Clicked the pin icon
03/23/2022 08:20:26 PM:ERROR: Launch lims - Unable to Click the pin icon
03/23/2022 08:20:26 PM:INFO: clicked the Master icon
03/23/2022 08:20:30 PM:INFO: clicked the Base Master icon
03/23/2022 08:20:34 PM:INFO: clicked the unit icon
03/23/2022 08:21:23 PM:INFO: Browser Launched
03/23/2022 08:21:25 PM:INFO: Link was hit
03/23/2022 08:21:47 PM:INFO: Browser Launched
03/23/2022 08:21:57 PM:INFO: Link was hit
03/23/2022 08:21:57 PM:INFO: Entered Login id
03/23/2022 08:21:59 PM:INFO: Entered password id
03/23/2022 08:22:01 PM:INFO: Clicked the login button
03/23/2022 08:22:02 PM:INFO: Launch lims - Clicked the pin icon
03/23/2022 08:22:02 PM:ERROR: Launch lims - Unable to Click the pin icon
03/23/2022 08:22:02 PM:INFO: clicked the Master icon
03/23/2022 08:22:06 PM:INFO: clicked the Base Master icon
03/23/2022 08:22:11 PM:INFO: clicked the unit icon
03/24/2022 08:02:02 AM:INFO: Browser Launched
03/24/2022 08:02:08 AM:INFO: Link was hit
